<?xml version="1.0" encoding="UTF-8"?><testsuite errors="0" failures="0" name="com.resttful.testsuite.CrudTest" skipped="0" tests="6" time="9.61" timestamp="2023-01-03T21:46:57.158Z[Europe/London]"><testcase classname="com.resttful.testsuite.CrudTest" name="This method will create a Token"/><testcase classname="com.resttful.testsuite.CrudTest" name="This method will create a booking"/><testcase classname="com.resttful.testsuite.CrudTest" name="This method will verify new Booking ID creation"/><testcase classname="com.resttful.testsuite.CrudTest" name="This method will get booking with Id"/><testcase classname="com.resttful.testsuite.CrudTest" name="This method will updated a booking with ID"/><testcase classname="com.resttful.testsuite.CrudTest" name="This method will delete a booking with ID"/></testsuite>